# JRE version: Java(TM) SE Runtime Environment (17.0.12+8) (build 17.0.12+8-LTS-286)
# Java VM: Java HotSpot(TM) 64-Bit Server VM (17.0.12+8-LTS-286, mixed mode, emulated-client, sharing, tiered, compressed oops, compressed class ptrs, g1 gc, windows-amd64)
GC Precious Log:
 CPUs: 16 total, 16 available
 Memory: 5996M
 Large Page Support: Disabled
 NUMA Support: Disabled
 Compressed Oops: Enabled (32-bit)
 Heap Region Size: 1M
 Heap Min Capacity: 8M
 Heap Initial Capacity: 94M
 Heap Max Capacity: 1500M
 Pre-touch: Disabled
 Parallel Workers: 13
 Concurrent Workers: 3
 Concurrent Refinement Workers: 13
 Periodic GC: Disabled
Heap:
 garbage-first heap   total 163840K, used 46684K [0x00000000a2400000, 0x0000000100000000)
  region size 1024K, 1 young (1024K), 1 survivors (1024K)
 Metaspace       used 75809K, committed 76416K, reserved 1114112K
  class space    used 11315K, committed 11584K, reserved 1048576K
GC Heap History (20 events):
Event: 1796.873 GC heap after
{Heap after GC invocations=49 (full 0):
 garbage-first heap   total 163840K, used 47308K [0x00000000a2400000, 0x0000000100000000)
  region size 1024K, 1 young (1024K), 1 survivors (1024K)
 Metaspace       used 75786K, committed 76416K, reserved 1114112K
  class space    used 11310K, committed 11584K, reserved 1048576K
}
Event: 1952.677 GC heap before
{Heap before GC invocations=49 (full 0):
 garbage-first heap   total 163840K, used 54476K [0x00000000a2400000, 0x0000000100000000)
  region size 1024K, 8 young (8192K), 1 survivors (1024K)
 Metaspace       used 75786K, committed 76416K, reserved 1114112K
  class space    used 11310K, committed 11584K, reserved 1048576K
}
Event: 1958.279 GC heap after
{Heap after GC invocations=50 (full 0):
 garbage-first heap   total 163840K, used 47271K [0x00000000a2400000, 0x0000000100000000)
  region size 1024K, 1 young (1024K), 1 survivors (1024K)
 Metaspace       used 75786K, committed 76416K, reserved 1114112K
  class space    used 11310K, committed 11584K, reserved 1048576K
}
Event: 2178.806 GC heap before
{Heap before GC invocations=50 (full 0):
 garbage-first heap   total 163840K, used 54439K [0x00000000a2400000, 0x0000000100000000)
  region size 1024K, 8 young (8192K), 1 survivors (1024K)
 Metaspace       used 75786K, committed 76416K, reserved 1114112K
  class space    used 11310K, committed 11584K, reserved 1048576K
}
Event: 2195.465 GC heap after
{Heap after GC invocations=51 (full 0):
 garbage-first heap   total 163840K, used 46972K [0x00000000a2400000, 0x0000000100000000)
  region size 1024K, 1 young (1024K), 1 survivors (1024K)
 Metaspace       used 75786K, committed 76416K, reserved 1114112K
  class space    used 11310K, committed 11584K, reserved 1048576K
}
Event: 2405.045 GC heap before
{Heap before GC invocations=51 (full 0):
 garbage-first heap   total 163840K, used 54140K [0x00000000a2400000, 0x0000000100000000)
  region size 1024K, 8 young (8192K), 1 survivors (1024K)
 Metaspace       used 75786K, committed 76416K, reserved 1114112K
  class space    used 11310K, committed 11584K, reserved 1048576K
}
Event: 2405.142 GC heap after
{Heap after GC invocations=52 (full 0):
 garbage-first heap   total 163840K, used 46963K [0x00000000a2400000, 0x0000000100000000)
  region size 1024K, 1 young (1024K), 1 survivors (1024K)
 Metaspace       used 75786K, committed 76416K, reserved 1114112K
  class space    used 11310K, committed 11584K, reserved 1048576K
}
Event: 2613.853 GC heap before
{Heap before GC invocations=53 (full 0):
 garbage-first heap   total 163840K, used 54131K [0x00000000a2400000, 0x0000000100000000)
  region size 1024K, 8 young (8192K), 1 survivors (1024K)
 Metaspace       used 75771K, committed 76416K, reserved 1114112K
  class space    used 11306K, committed 11584K, reserved 1048576K
}
Event: 2621.977 GC heap after
{Heap after GC invocations=54 (full 0):
 garbage-first heap   total 163840K, used 46948K [0x00000000a2400000, 0x0000000100000000)
  region size 1024K, 1 young (1024K), 1 survivors (1024K)
 Metaspace       used 75771K, committed 76416K, reserved 1114112K
  class space    used 11306K, committed 11584K, reserved 1048576K
}
Event: 2724.654 GC heap before
{Heap before GC invocations=54 (full 0):
 garbage-first heap   total 163840K, used 54116K [0x00000000a2400000, 0x0000000100000000)
  region size 1024K, 8 young (8192K), 1 survivors (1024K)
 Metaspace       used 75776K, committed 76416K, reserved 1114112K
  class space    used 11307K, committed 11584K, reserved 1048576K
}
Event: 2724.772 GC heap after
{Heap after GC invocations=55 (full 0):
 garbage-first heap   total 163840K, used 47408K [0x00000000a2400000, 0x0000000100000000)
  region size 1024K, 1 young (1024K), 1 survivors (1024K)
 Metaspace       used 75776K, committed 76416K, reserved 1114112K
  class space    used 11307K, committed 11584K, reserved 1048576K
}
Event: 2739.652 GC heap before
{Heap before GC invocations=55 (full 0):
 garbage-first heap   total 163840K, used 54576K [0x00000000a2400000, 0x0000000100000000)
  region size 1024K, 8 young (8192K), 1 survivors (1024K)
 Metaspace       used 75799K, committed 76416K, reserved 1114112K
  class space    used 11312K, committed 11584K, reserved 1048576K
}
Event: 2739.873 GC heap after
{Heap after GC invocations=56 (full 0):
 garbage-first heap   total 163840K, used 47076K [0x00000000a2400000, 0x0000000100000000)
  region size 1024K, 1 young (1024K), 1 survivors (1024K)
 Metaspace       used 75799K, committed 76416K, reserved 1114112K
  class space    used 11312K, committed 11584K, reserved 1048576K
}
Event: 2826.036 GC heap before
{Heap before GC invocations=56 (full 0):
 garbage-first heap   total 163840K, used 54244K [0x00000000a2400000, 0x0000000100000000)
  region size 1024K, 8 young (8192K), 1 survivors (1024K)
 Metaspace       used 75799K, committed 76416K, reserved 1114112K
  class space    used 11312K, committed 11584K, reserved 1048576K
}
Event: 2826.122 GC heap after
{Heap after GC invocations=57 (full 0):
 garbage-first heap   total 163840K, used 46900K [0x00000000a2400000, 0x0000000100000000)
  region size 1024K, 1 young (1024K), 1 survivors (1024K)
 Metaspace       used 75799K, committed 76416K, reserved 1114112K
  class space    used 11312K, committed 11584K, reserved 1048576K
}
Event: 2964.764 GC heap before
{Heap before GC invocations=57 (full 0):
 garbage-first heap   total 163840K, used 54068K [0x00000000a2400000, 0x0000000100000000)
  region size 1024K, 8 young (8192K), 1 survivors (1024K)
 Metaspace       used 75813K, committed 76416K, reserved 1114112K
  class space    used 11316K, committed 11584K, reserved 1048576K
}
Event: 2977.092 GC heap after
{Heap after GC invocations=58 (full 0):
 garbage-first heap   total 163840K, used 46867K [0x00000000a2400000, 0x0000000100000000)
  region size 1024K, 1 young (1024K), 1 survivors (1024K)
 Metaspace       used 75813K, committed 76416K, reserved 1114112K
  class space    used 11316K, committed 11584K, reserved 1048576K
}
Event: 3192.542 GC heap before
{Heap before GC invocations=59 (full 0):
 garbage-first heap   total 163840K, used 54035K [0x00000000a2400000, 0x0000000100000000)
  region size 1024K, 8 young (8192K), 1 survivors (1024K)
 Metaspace       used 75809K, committed 76416K, reserved 1114112K
  class space    used 11315K, committed 11584K, reserved 1048576K
}
Event: 3200.637 GC heap after
{Heap after GC invocations=60 (full 0):
 garbage-first heap   total 163840K, used 46762K [0x00000000a2400000, 0x0000000100000000)
  region size 1024K, 1 young (1024K), 1 survivors (1024K)
 Metaspace       used 75809K, committed 76416K, reserved 1114112K
  class space    used 11315K, committed 11584K, reserved 1048576K
}
Event: 3411.023 GC heap before
{Heap before GC invocations=60 (full 0):
 garbage-first heap   total 163840K, used 53930K [0x00000000a2400000, 0x0000000100000000)
  region size 1024K, 8 young (8192K), 1 survivors (1024K)
 Metaspace       used 75809K, committed 76416K, reserved 1114112K
  class space    used 11315K, committed 11584K, reserved 1048576K
}

